Determining if the pthread_create exist failed with the following output:
Change Dir: /home/heverton/ROS_Workspaces/ENGG68/ATV_03/build/CMakeFiles/CMakeTmp

Run Build Command:"/usr/bin/make" "cmTC_89269/fast"
/usr/bin/make -f CMakeFiles/cmTC_89269.dir/build.make CMakeFiles/cmTC_89269.dir/build
make[1]: Entering directory '/home/heverton/ROS_Workspaces/ENGG68/ATV_03/build/CMakeFiles/CMakeTmp'
Building C object CMakeFiles/cmTC_89269.dir/CheckSymbolExists.c.o
/usr/bin/cc    -o CMakeFiles/cmTC_89269.dir/CheckSymbolExists.c.o   -c /home/heverton/ROS_Workspaces/ENGG68/ATV_03/build/CMakeFiles/CMakeTmp/CheckSymbolExists.c
Linking C executable cmTC_89269
/usr/bin/cmake -E cmake_link_script CMakeFiles/cmTC_89269.dir/link.txt --verbose=1
/usr/bin/cc      -rdynamic CMakeFiles/cmTC_89269.dir/CheckSymbolExists.c.o  -o cmTC_89269 
CMakeFiles/cmTC_89269.dir/CheckSymbolExists.c.o: Na função "main":
CheckSymbolExists.c:(.text+0x1b): referência não definida para "pthread_create"
collect2: error: ld returned 1 exit status
CMakeFiles/cmTC_89269.dir/build.make:97: recipe for target 'cmTC_89269' failed
make[1]: *** [cmTC_89269] Error 1
make[1]: Leaving directory '/home/heverton/ROS_Workspaces/ENGG68/ATV_03/build/CMakeFiles/CMakeTmp'
Makefile:126: recipe for target 'cmTC_89269/fast' failed
make: *** [cmTC_89269/fast] Error 2

File /home/heverton/ROS_Workspaces/ENGG68/ATV_03/build/CMakeFiles/CMakeTmp/CheckSymbolExists.c:
/* */
#include <pthread.h>

int main(int argc, char** argv)
{
  (void)argv;
#ifndef pthread_create
  return ((int*)(&pthread_create))[argc];
#else
  (void)argc;
  return 0;
#endif
}

Determining if the function pthread_create exists in the pthreads failed with the following output:
Change Dir: /home/heverton/ROS_Workspaces/ENGG68/ATV_03/build/CMakeFiles/CMakeTmp

Run Build Command:"/usr/bin/make" "cmTC_13ad9/fast"
/usr/bin/make -f CMakeFiles/cmTC_13ad9.dir/build.make CMakeFiles/cmTC_13ad9.dir/build
make[1]: Entering directory '/home/heverton/ROS_Workspaces/ENGG68/ATV_03/build/CMakeFiles/CMakeTmp'
Building C object CMakeFiles/cmTC_13ad9.dir/CheckFunctionExists.c.o
/usr/bin/cc   -DCHECK_FUNCTION_EXISTS=pthread_create   -o CMakeFiles/cmTC_13ad9.dir/CheckFunctionExists.c.o   -c /usr/share/cmake-3.10/Modules/CheckFunctionExists.c
Linking C executable cmTC_13ad9
/usr/bin/cmake -E cmake_link_script CMakeFiles/cmTC_13ad9.dir/link.txt --verbose=1
/usr/bin/cc  -DCHECK_FUNCTION_EXISTS=pthread_create    -rdynamic CMakeFiles/cmTC_13ad9.dir/CheckFunctionExists.c.o  -o cmTC_13ad9 -lpthreads 
/usr/bin/ld: não foi possível localizar -lpthreads
collect2: error: ld returned 1 exit status
CMakeFiles/cmTC_13ad9.dir/build.make:97: recipe for target 'cmTC_13ad9' failed
make[1]: *** [cmTC_13ad9] Error 1
make[1]: Leaving directory '/home/heverton/ROS_Workspaces/ENGG68/ATV_03/build/CMakeFiles/CMakeTmp'
Makefile:126: recipe for target 'cmTC_13ad9/fast' failed
make: *** [cmTC_13ad9/fast] Error 2


