Determining if the pthread_create exist failed with the following output:
Change Dir: /home/heverton/ROS_Workspaces/ENGG68/Projeto_Final/build/CMakeFiles/CMakeTmp

Run Build Command:"/usr/bin/make" "cmTC_6846b/fast"
/usr/bin/make -f CMakeFiles/cmTC_6846b.dir/build.make CMakeFiles/cmTC_6846b.dir/build
make[1]: Entering directory '/home/heverton/ROS_Workspaces/ENGG68/Projeto_Final/build/CMakeFiles/CMakeTmp'
Building C object CMakeFiles/cmTC_6846b.dir/CheckSymbolExists.c.o
/usr/bin/cc    -o CMakeFiles/cmTC_6846b.dir/CheckSymbolExists.c.o   -c /home/heverton/ROS_Workspaces/ENGG68/Projeto_Final/build/CMakeFiles/CMakeTmp/CheckSymbolExists.c
Linking C executable cmTC_6846b
/usr/bin/cmake -E cmake_link_script CMakeFiles/cmTC_6846b.dir/link.txt --verbose=1
/usr/bin/cc      -rdynamic CMakeFiles/cmTC_6846b.dir/CheckSymbolExists.c.o  -o cmTC_6846b 
CMakeFiles/cmTC_6846b.dir/CheckSymbolExists.c.o: Na função "main":
CheckSymbolExists.c:(.text+0x1b): referência não definida para "pthread_create"
collect2: error: ld returned 1 exit status
CMakeFiles/cmTC_6846b.dir/build.make:97: recipe for target 'cmTC_6846b' failed
make[1]: *** [cmTC_6846b] Error 1
make[1]: Leaving directory '/home/heverton/ROS_Workspaces/ENGG68/Projeto_Final/build/CMakeFiles/CMakeTmp'
Makefile:126: recipe for target 'cmTC_6846b/fast' failed
make: *** [cmTC_6846b/fast] Error 2

File /home/heverton/ROS_Workspaces/ENGG68/Projeto_Final/build/CMakeFiles/CMakeTmp/CheckSymbolExists.c:
/* */
#include <pthread.h>

int main(int argc, char** argv)
{
  (void)argv;
#ifndef pthread_create
  return ((int*)(&pthread_create))[argc];
#else
  (void)argc;
  return 0;
#endif
}

Determining if the function pthread_create exists in the pthreads failed with the following output:
Change Dir: /home/heverton/ROS_Workspaces/ENGG68/Projeto_Final/build/CMakeFiles/CMakeTmp

Run Build Command:"/usr/bin/make" "cmTC_30a4a/fast"
/usr/bin/make -f CMakeFiles/cmTC_30a4a.dir/build.make CMakeFiles/cmTC_30a4a.dir/build
make[1]: Entering directory '/home/heverton/ROS_Workspaces/ENGG68/Projeto_Final/build/CMakeFiles/CMakeTmp'
Building C object CMakeFiles/cmTC_30a4a.dir/CheckFunctionExists.c.o
/usr/bin/cc   -DCHECK_FUNCTION_EXISTS=pthread_create   -o CMakeFiles/cmTC_30a4a.dir/CheckFunctionExists.c.o   -c /usr/share/cmake-3.10/Modules/CheckFunctionExists.c
Linking C executable cmTC_30a4a
/usr/bin/cmake -E cmake_link_script CMakeFiles/cmTC_30a4a.dir/link.txt --verbose=1
/usr/bin/cc  -DCHECK_FUNCTION_EXISTS=pthread_create    -rdynamic CMakeFiles/cmTC_30a4a.dir/CheckFunctionExists.c.o  -o cmTC_30a4a -lpthreads 
/usr/bin/ld: não foi possível localizar -lpthreads
collect2: error: ld returned 1 exit status
CMakeFiles/cmTC_30a4a.dir/build.make:97: recipe for target 'cmTC_30a4a' failed
make[1]: *** [cmTC_30a4a] Error 1
make[1]: Leaving directory '/home/heverton/ROS_Workspaces/ENGG68/Projeto_Final/build/CMakeFiles/CMakeTmp'
Makefile:126: recipe for target 'cmTC_30a4a/fast' failed
make: *** [cmTC_30a4a/fast] Error 2


