Determining if the pthread_create exist failed with the following output:
Change Dir: /home/heverton/ur5_ri/build/CMakeFiles/CMakeTmp

Run Build Command:"/usr/bin/make" "cmTC_bfc64/fast"
/usr/bin/make -f CMakeFiles/cmTC_bfc64.dir/build.make CMakeFiles/cmTC_bfc64.dir/build
make[1]: Entering directory '/home/heverton/ur5_ri/build/CMakeFiles/CMakeTmp'
Building C object CMakeFiles/cmTC_bfc64.dir/CheckSymbolExists.c.o
/usr/bin/cc    -o CMakeFiles/cmTC_bfc64.dir/CheckSymbolExists.c.o   -c /home/heverton/ur5_ri/build/CMakeFiles/CMakeTmp/CheckSymbolExists.c
Linking C executable cmTC_bfc64
/usr/bin/cmake -E cmake_link_script CMakeFiles/cmTC_bfc64.dir/link.txt --verbose=1
/usr/bin/cc      -rdynamic CMakeFiles/cmTC_bfc64.dir/CheckSymbolExists.c.o  -o cmTC_bfc64 
CMakeFiles/cmTC_bfc64.dir/CheckSymbolExists.c.o: Na função "main":
CheckSymbolExists.c:(.text+0x1b): referência não definida para "pthread_create"
collect2: error: ld returned 1 exit status
CMakeFiles/cmTC_bfc64.dir/build.make:97: recipe for target 'cmTC_bfc64' failed
make[1]: *** [cmTC_bfc64] Error 1
make[1]: Leaving directory '/home/heverton/ur5_ri/build/CMakeFiles/CMakeTmp'
Makefile:126: recipe for target 'cmTC_bfc64/fast' failed
make: *** [cmTC_bfc64/fast] Error 2

File /home/heverton/ur5_ri/build/CMakeFiles/CMakeTmp/CheckSymbolExists.c:
/* */
#include <pthread.h>

int main(int argc, char** argv)
{
  (void)argv;
#ifndef pthread_create
  return ((int*)(&pthread_create))[argc];
#else
  (void)argc;
  return 0;
#endif
}

Determining if the function pthread_create exists in the pthreads failed with the following output:
Change Dir: /home/heverton/ur5_ri/build/CMakeFiles/CMakeTmp

Run Build Command:"/usr/bin/make" "cmTC_f6594/fast"
/usr/bin/make -f CMakeFiles/cmTC_f6594.dir/build.make CMakeFiles/cmTC_f6594.dir/build
make[1]: Entering directory '/home/heverton/ur5_ri/build/CMakeFiles/CMakeTmp'
Building C object CMakeFiles/cmTC_f6594.dir/CheckFunctionExists.c.o
/usr/bin/cc   -DCHECK_FUNCTION_EXISTS=pthread_create   -o CMakeFiles/cmTC_f6594.dir/CheckFunctionExists.c.o   -c /usr/share/cmake-3.10/Modules/CheckFunctionExists.c
Linking C executable cmTC_f6594
/usr/bin/cmake -E cmake_link_script CMakeFiles/cmTC_f6594.dir/link.txt --verbose=1
/usr/bin/cc  -DCHECK_FUNCTION_EXISTS=pthread_create    -rdynamic CMakeFiles/cmTC_f6594.dir/CheckFunctionExists.c.o  -o cmTC_f6594 -lpthreads 
/usr/bin/ld: não foi possível localizar -lpthreads
collect2: error: ld returned 1 exit status
CMakeFiles/cmTC_f6594.dir/build.make:97: recipe for target 'cmTC_f6594' failed
make[1]: *** [cmTC_f6594] Error 1
make[1]: Leaving directory '/home/heverton/ur5_ri/build/CMakeFiles/CMakeTmp'
Makefile:126: recipe for target 'cmTC_f6594/fast' failed
make: *** [cmTC_f6594/fast] Error 2


